<?xml version="1.0" encoding="UTF-8"?>
<!-- Generated by org.testng.reporters.JUnitXMLReporter -->
<testsuite ignored="1" hostname="DESKTOP-SGV8PKT" failures="0" tests="2" name="Default test" time="29.912" errors="0" timestamp="2024-10-05T14:46:18 EET">
  <testcase classname="mobileTestingProject.myClass" name="ClickOnNumbersOnly" time="29.855"/>
  <testcase classname="mobileTestingProject.myClass" name="checkTime" time="0.001"/>
  <testcase classname="mobileTestingProject.myClass" name="ClickOnAllButtons" time="0.0">
    <ignored/>
  </testcase> <!-- ClickOnAllButtons -->
</testsuite> <!-- Default test -->
