<?xml version="1.0" encoding="UTF-8"?>
<testng-results ignored="1" total="3" passed="2" failed="0" skipped="0">
  <reporter-output>
  </reporter-output>
  <suite started-at="2024-10-05T14:45:48 EET" name="Default suite" finished-at="2024-10-05T14:46:18 EET" duration-ms="29912">
    <groups>
    </groups>
    <test started-at="2024-10-05T14:45:48 EET" name="Default test" finished-at="2024-10-05T14:46:18 EET" duration-ms="29912">
      <class name="mobileTestingProject.myClass">
        <test-method is-config="true" signature="mySetup()[pri:0, instance:mobileTestingProject.myClass@cc43f62]" started-at="2024-10-05T14:45:48 EET" name="mySetup" finished-at="2024-10-05T14:45:48 EET" duration-ms="16" status="PASS">
          <reporter-output>
          </reporter-output>
        </test-method> <!-- mySetup -->
        <test-method signature="ClickOnNumbersOnly()[pri:0, instance:mobileTestingProject.myClass@cc43f62]" started-at="2024-10-05T14:45:48 EET" name="ClickOnNumbersOnly" finished-at="2024-10-05T14:46:18 EET" duration-ms="29855" status="PASS">
          <reporter-output>
          </reporter-output>
        </test-method> <!-- ClickOnNumbersOnly -->
        <test-method signature="checkTime()[pri:0, instance:mobileTestingProject.myClass@cc43f62]" started-at="2024-10-05T14:46:18 EET" name="checkTime" finished-at="2024-10-05T14:46:18 EET" duration-ms="1" status="PASS">
          <reporter-output>
          </reporter-output>
        </test-method> <!-- checkTime -->
      </class> <!-- mobileTestingProject.myClass -->
    </test> <!-- Default test -->
  </suite> <!-- Default suite -->
</testng-results>
